<?xml version="1.0" encoding="UTF-8"?>
<testng-results ignored="0" total="1" passed="1" failed="0" skipped="0">
  <reporter-output>
  </reporter-output>
  <suite started-at="2024-12-07T19:11:04 IST" name="Suite" finished-at="2024-12-07T19:11:11 IST" duration-ms="7771">
    <groups>
    </groups>
    <test started-at="2024-12-07T19:11:04 IST" name="Test" finished-at="2024-12-07T19:11:11 IST" duration-ms="7771">
      <class name="testCases.LoginTest">
        <test-method is-config="true" signature="setupBrowser()[pri:0, instance:testCases.LoginTest@2ad3a1bb]" started-at="2024-12-07T19:11:04 IST" name="setupBrowser" finished-at="2024-12-07T19:11:10 IST" duration-ms="6166" status="PASS">
          <reporter-output>
          </reporter-output>
        </test-method> <!-- setupBrowser -->
        <test-method signature="loginToApplication(java.lang.String,java.lang.String)[pri:0, instance:testCases.LoginTest@2ad3a1bb]" started-at="2024-12-07T19:11:10 IST" name="loginToApplication" data-provider="LoginDetails" finished-at="2024-12-07T19:11:11 IST" duration-ms="406" status="PASS">
          <params>
            <param index="0">
              <value>
                <![CDATA[ineuron@ineuron.ai]]>
              </value>
            </param>
            <param index="1">
              <value>
                <![CDATA[ineuron]]>
              </value>
            </param>
          </params>
          <reporter-output>
          </reporter-output>
        </test-method> <!-- loginToApplication -->
        <test-method is-config="true" signature="closeBrowser()[pri:0, instance:testCases.LoginTest@2ad3a1bb]" started-at="2024-12-07T19:11:11 IST" name="closeBrowser" finished-at="2024-12-07T19:11:11 IST" duration-ms="291" status="PASS">
          <reporter-output>
          </reporter-output>
        </test-method> <!-- closeBrowser -->
      </class> <!-- testCases.LoginTest -->
    </test> <!-- Test -->
  </suite> <!-- Suite -->
</testng-results>
