<?xml version="1.0" encoding="UTF-8"?>
<testng-results ignored="0" total="1" passed="1" failed="0" skipped="0">
  <reporter-output>
  </reporter-output>
  <suite started-at="2024-10-19T16:07:01 IST" name="Suite" finished-at="2024-10-19T16:07:57 IST" duration-ms="55919">
    <groups>
    </groups>
    <test started-at="2024-10-19T16:07:01 IST" name="Test" finished-at="2024-10-19T16:07:57 IST" duration-ms="55919">
      <class name="testCases.LoginTest">
        <test-method is-config="true" signature="setupBrowser()[pri:0, instance:testCases.LoginTest@74d7184a]" started-at="2024-10-19T16:07:02 IST" name="setupBrowser" finished-at="2024-10-19T16:07:55 IST" duration-ms="53033" status="PASS">
          <reporter-output>
          </reporter-output>
        </test-method> <!-- setupBrowser -->
        <test-method signature="loginToApplication(java.lang.String,java.lang.String)[pri:0, instance:testCases.LoginTest@74d7184a]" started-at="2024-10-19T16:07:55 IST" name="loginToApplication" data-provider="LoginDetails" finished-at="2024-10-19T16:07:56 IST" duration-ms="543" status="PASS">
          <params>
            <param index="0">
              <value>
                <![CDATA[ineuron@ineuron.ai]]>
              </value>
            </param>
            <param index="1">
              <value>
                <![CDATA[ineuron]]>
              </value>
            </param>
          </params>
          <reporter-output>
          </reporter-output>
        </test-method> <!-- loginToApplication -->
        <test-method is-config="true" signature="closeBrowser()[pri:0, instance:testCases.LoginTest@74d7184a]" started-at="2024-10-19T16:07:56 IST" name="closeBrowser" finished-at="2024-10-19T16:07:57 IST" duration-ms="494" status="PASS">
          <reporter-output>
          </reporter-output>
        </test-method> <!-- closeBrowser -->
      </class> <!-- testCases.LoginTest -->
    </test> <!-- Test -->
  </suite> <!-- Suite -->
</testng-results>
